[03:14:47] [ServerMain/INFO]: [bootstrap] Running Java 21 (OpenJDK 64-Bit Server VM 21.0.7+6-Ubuntu-0ubuntu124.04; Ubuntu null) on Linux 6.8.0-1027-azure (amd64)
[03:14:47] [ServerMain/INFO]: [bootstrap] Loading Paper 1.21-130-master@b1b5d4c (2024-08-10T10:02:42Z) for Minecraft 1.21
[03:14:47] [ServerMain/INFO]: [PluginInitializerManager] Initializing plugins...
[03:14:48] [ServerMain/INFO]: [PluginInitializerManager] Initialized 4 plugins
[03:14:48] [ServerMain/INFO]: [PluginInitializerManager] Bukkit plugins (4):
 - InfernalMobs (6.8), SkinsRestorer (15.7.1), SleepFixer (2.1.0), UltimateHomes (3.1)
[03:14:55] [ServerMain/INFO]: Environment: Environment[sessionHost=https://sessionserver.mojang.com, servicesHost=https://api.minecraftservices.com, name=PROD]
[03:14:58] [ServerMain/INFO]: Loaded 1290 recipes
[03:14:58] [ServerMain/INFO]: Loaded 1399 advancements
[03:14:58] [Server thread/INFO]: Starting minecraft server version 1.21
[03:14:58] [Server thread/INFO]: Loading properties
[03:14:58] [Server thread/INFO]: This server is running Paper version 1.21-130-master@b1b5d4c (2024-08-10T10:02:42Z) (Implementing API version 1.21-R0.1-SNAPSHOT)
[03:14:59] [Server thread/INFO]: [spark] This server bundles the spark profiler. For more information please visit https://docs.papermc.io/paper/profiling
[03:14:59] [Server thread/INFO]: Server Ping Player Sample Count: 12
[03:14:59] [Server thread/INFO]: Using 4 threads for Netty based IO
[03:15:00] [Server thread/INFO]: [ChunkTaskScheduler] Chunk system is using 1 I/O threads, 1 worker threads, and population gen parallelism of 1 threads
[03:15:00] [Server thread/INFO]: Default game type: SURVIVAL
[03:15:00] [Server thread/INFO]: Generating keypair
[03:15:01] [Server thread/INFO]: Starting Minecraft server on *:25565
[03:15:01] [Server thread/INFO]: Using epoll channel type
[03:15:01] [Server thread/INFO]: Paper: Using libdeflate (Linux x86_64) compression from Velocity.
[03:15:01] [Server thread/INFO]: Paper: Using OpenSSL 3.0.x (Linux x86_64) cipher from Velocity.
[03:15:01] [Server thread/INFO]: [InfernalMobs] Loading server plugin InfernalMobs v6.8
[03:15:01] [Server thread/INFO]: [SleepFixer] Loading server plugin SleepFixer v2.1.0
[03:15:01] [Server thread/INFO]: [UltimateHomes] Loading server plugin UltimateHomes v3.1
[03:15:01] [Server thread/INFO]: [SkinsRestorer] Loading server plugin SkinsRestorer v15.7.1
[03:15:01] [Server thread/INFO]: Server permissions file permissions.yml is empty, ignoring it
[03:15:01] [Server thread/INFO]: [SleepFixer] Enabling SleepFixer v2.1.0
[03:15:01] [Server thread/INFO]: [SleepFixer] Start-up complete (took 49.0ms).
[03:15:01] [Server thread/INFO]: [SkinsRestorer] Enabling SkinsRestorer v15.7.1
[03:15:04] [Server thread/INFO]: [SkinsRestorer] Running on Minecraft 1.21.0.
[03:15:06] [Server thread/INFO]: [SkinsRestorer] Using paper join listener!
[03:15:06] [Server thread/WARN]: **** SERVER IS RUNNING IN OFFLINE/INSECURE MODE!
[03:15:06] [Server thread/WARN]: The server will make no attempt to authenticate usernames. Beware.
[03:15:06] [Server thread/WARN]: While this makes the game possible to play without internet access, it also opens up the ability for hackers to connect with any username they choose.
[03:15:06] [Server thread/WARN]: To change this, set "online-mode" to "true" in the server.properties file.
[03:15:06] [Server thread/INFO]: Preparing level "world"
[03:15:06] [Folia Async Scheduler Thread #1/INFO]: [SkinsRestorer] ----------------------------------------------
[03:15:06] [Folia Async Scheduler Thread #1/INFO]: [SkinsRestorer]     +==================+
[03:15:06] [Folia Async Scheduler Thread #1/INFO]: [SkinsRestorer]     |   SkinsRestorer  |
[03:15:06] [Folia Async Scheduler Thread #1/INFO]: [SkinsRestorer]     |------------------|
[03:15:06] [Folia Async Scheduler Thread #1/INFO]: [SkinsRestorer]     |  Standalone Mode |
[03:15:06] [Folia Async Scheduler Thread #1/INFO]: [SkinsRestorer]     +==================+
[03:15:06] [Folia Async Scheduler Thread #1/INFO]: [SkinsRestorer] ----------------------------------------------
[03:15:06] [Folia Async Scheduler Thread #1/INFO]: [SkinsRestorer]     Version: 15.7.1
[03:15:06] [Folia Async Scheduler Thread #1/INFO]: [SkinsRestorer]     Commit: f77fbd4
[03:15:06] [Folia Async Scheduler Thread #1/INFO]: [SkinsRestorer]     This is the latest version!
[03:15:06] [Folia Async Scheduler Thread #1/INFO]: [SkinsRestorer] ----------------------------------------------
[03:15:06] [Folia Async Scheduler Thread #1/INFO]: [SkinsRestorer] Do you have issues? Read our troubleshooting guide: https://skinsrestorer.net/docs/troubleshooting
[03:15:06] [Folia Async Scheduler Thread #1/INFO]: [SkinsRestorer] Want to support SkinsRestorer? Consider donating: https://skinsrestorer.net/donate
[03:15:07] [Server thread/INFO]: Preparing start region for dimension minecraft:overworld
[03:15:08] [Server thread/INFO]: Time elapsed: 1483 ms
[03:15:08] [Server thread/INFO]: Preparing start region for dimension minecraft:the_nether
[03:15:09] [Server thread/INFO]: Time elapsed: 524 ms
[03:15:09] [Server thread/INFO]: Preparing start region for dimension minecraft:the_end
[03:15:09] [Server thread/INFO]: Time elapsed: 454 ms
[03:15:09] [Server thread/INFO]: [InfernalMobs] Enabling InfernalMobs v6.8
[03:15:09] [Server thread/INFO]: [InfernalMobs] Registered Events.
[03:15:10] [Server thread/INFO]: [UltimateHomes] Enabling UltimateHomes v3.1
[03:15:10] [Server thread/INFO]: 
[03:15:10] [Server thread/INFO]: --------------------------------------
[03:15:10] [Server thread/INFO]:        UltimateHomes by kixmc
[03:15:10] [Server thread/INFO]:        Enabled on version 3.1
[03:15:10] [Server thread/INFO]: --------------------------------------
[03:15:10] [Server thread/INFO]:  
[03:15:10] [Server thread/INFO]: [spark] Starting background profiler...
[03:15:11] [Server thread/INFO]: Done preparing level "world" (5.125s)
[03:15:11] [Server thread/INFO]: Running delayed init tasks
[03:15:11] [Server thread/INFO]: Done (26.602s)! For help, type "help"
[03:15:11] [Server thread/INFO]: Timings Reset
[03:15:25] [User Authenticator #0/INFO]: UUID of player _elu is 1ea11863-7102-392b-b19f-99c99423fdd7
[03:15:27] [Server thread/INFO]: _elu joined the game
[03:15:27] [Server thread/INFO]: _elu[/127.115.156.199:50299] logged in with entity id 9 at ([world]-810.5588232121648, 19.0, -1840.7006347965364)
[03:15:27] [Server thread/WARN]: [ca.spottedleaf.moonrise.patches.chunk_system.level.entity.EntityLookup] Entity uuid already exists: 8a58d6a8-5302-4c6c-b1b1-84e89083fc51, mapped to EnderMan['Enderman'/36, uuid='8a58d6a8-5302-4c6c-b1b1-84e89083fc51', l='ServerLevel[world]', x=-784.23, y=-46.00, z=-1863.77, cpos=[-50, -117], tl=55, v=true], can't add EnderMan['Enderman'/56, uuid='8a58d6a8-5302-4c6c-b1b1-84e89083fc51', l='ServerLevel[world]', x=-783.22, y=-47.00, z=-1865.19, cpos=[-49, -117], tl=67, v=false]
[03:15:28] [Server thread/WARN]: [ca.spottedleaf.moonrise.patches.chunk_system.level.entity.EntityLookup] Entity uuid already exists: 9f98c18a-d0bb-4f22-b9b4-5ef8e5ad32c4, mapped to Zombie['Zombie'/185, uuid='9f98c18a-d0bb-4f22-b9b4-5ef8e5ad32c4', l='ServerLevel[world]', x=-715.73, y=5.00, z=-1825.21, cpos=[-45, -115], tl=178, v=true], can't add Zombie['Zombie'/192, uuid='9f98c18a-d0bb-4f22-b9b4-5ef8e5ad32c4', l='ServerLevel[world]', x=-722.50, y=10.00, z=-1815.50, cpos=[-46, -114], tl=3, v=false]
[03:15:29] [Server thread/WARN]: [ca.spottedleaf.moonrise.patches.chunk_system.level.entity.EntityLookup] Entity uuid already exists: d2c22a6d-d120-45fa-8a72-c1d1ddf37d9a, mapped to Bat['Bat'/276, uuid='d2c22a6d-d120-45fa-8a72-c1d1ddf37d9a', l='ServerLevel[world]', x=-730.64, y=25.06, z=-1918.19, cpos=[-46, -120], tl=473, v=true], can't add Bat['Bat'/313, uuid='d2c22a6d-d120-45fa-8a72-c1d1ddf37d9a', l='ServerLevel[world]', x=-732.59, y=25.44, z=-1923.96, cpos=[-46, -121], tl=93, v=false]
[03:15:31] [User Authenticator #0/INFO]: UUID of player MaddieDL is c8938799-7690-35bd-a5c2-148811d41f87
[03:15:37] [Server thread/INFO]: MaddieDL joined the game
[03:15:37] [Server thread/INFO]: MaddieDL[/127.183.26.154:53241] logged in with entity id 369 at ([world]234.38361006114474, 72.0, -2265.5616941309136)
[03:15:39] [Server thread/WARN]: [ca.spottedleaf.moonrise.patches.chunk_system.level.entity.EntityLookup] Entity uuid already exists: 890b1be6-34d2-4ebe-922c-5dd3b58902c3, mapped to Skeleton['Skeleton'/539, uuid='890b1be6-34d2-4ebe-922c-5dd3b58902c3', l='ServerLevel[world]', x=160.37, y=47.54, z=-2323.50, cpos=[10, -146], tl=92, v=true], can't add Skeleton['Skeleton'/556, uuid='890b1be6-34d2-4ebe-922c-5dd3b58902c3', l='ServerLevel[world]', x=158.93, y=48.00, z=-2325.50, cpos=[9, -146], tl=29, v=false]
[03:16:12] [Server thread/INFO]: Named entity Zombie['Infernal Zombie'/358, uuid='5da0b085-c895-4eb1-af8c-9fd18e55ad58', l='ServerLevel[world]', x=-969.60, y=24.00, z=-1785.79, cpos=[-61, -112], tl=29447, v=true] died: Infernal Zombie suffocated in a wall
[03:17:06] [Server thread/INFO]: Named entity Bat['Infernal Bat'/126, uuid='669df5df-486c-4c95-87ba-3b12e79bfe65', l='ServerLevel[world]', x=-793.43, y=28.04, z=-1860.07, cpos=[-50, -117], tl=1964, v=true] died: Infernal Bat burned to death
[03:17:08] [Server thread/INFO]: Named entity Skeleton['Infernal Skeleton'/20, uuid='501f6709-f6a5-48dd-8bec-286e6b63ec1c', l='ServerLevel[world]', x=-781.65, y=23.00, z=-1849.37, cpos=[-49, -116], tl=19600, v=true] died: Infernal Skeleton was slain by _elu
[03:17:23] [Server thread/INFO]: Named entity Skeleton['Infernal Skeleton'/1319, uuid='8db0e8b3-5e86-4bb3-9196-c5767ad254fa', l='ServerLevel[world]', x=250.30, y=38.00, z=-2213.30, cpos=[15, -139], tl=937, v=true] died: Infernal Skeleton was slain by Zoglin
[03:19:04] [Server thread/INFO]: MaddieDL lost connection: Disconnected
[03:19:04] [Server thread/INFO]: MaddieDL left the game
[03:19:11] [Server thread/INFO]: Named entity Zombie['Infernal Zombie'/1058, uuid='49409a64-af71-460e-bb95-f0928fff40c7', l='ServerLevel[world]', x=-778.11, y=21.00, z=-1854.24, cpos=[-49, -116], tl=3669, v=true] died: Infernal Zombie was slain by _elu
[03:19:13] [Server thread/INFO]: Named entity Zombie['Infernal Zombie'/1434, uuid='f18df637-44a7-4c13-b8e6-418ef9487e88', l='ServerLevel[world]', x=-779.80, y=23.00, z=-1853.53, cpos=[-49, -116], tl=2852, v=true] died: Infernal Zombie was slain by _elu
[03:19:54] [User Authenticator #1/INFO]: UUID of player MaddieDL is c8938799-7690-35bd-a5c2-148811d41f87
[03:19:59] [Server thread/INFO]: MaddieDL joined the game
[03:19:59] [Server thread/INFO]: MaddieDL[/127.183.26.154:49533] logged in with entity id 2769 at ([world]215.28198333174248, 73.0, -2273.855822277972)
[03:20:56] [Server thread/INFO]: MaddieDL lost connection: Timed out
[03:20:56] [Server thread/INFO]: MaddieDL left the game
[03:22:24] [Server thread/INFO]: Named entity Creeper['Infernal Creeper'/3669, uuid='d4a5a5d9-2ab5-4f01-89cd-912b8b763fa7', l='ServerLevel[world]', x=-709.25, y=46.00, z=-1911.25, cpos=[-45, -120], tl=1430, v=true] died: Infernal Creeper suffocated in a wall
[03:22:27] [User Authenticator #2/INFO]: UUID of player MaddieDL is c8938799-7690-35bd-a5c2-148811d41f87
[03:22:39] [Server thread/INFO]: MaddieDL joined the game
[03:22:39] [Server thread/INFO]: MaddieDL[/127.183.26.154:52071] logged in with entity id 3993 at ([world]215.28198333174248, 73.0, -2273.855822277972)
[03:22:56] [Server thread/INFO]: _elu issued server command: /home MaddieDL
[03:22:59] [Server thread/INFO]: _elu issued server command: /tp MaddieDL
[03:22:59] [Server thread/INFO]: [_elu: Teleported _elu to MaddieDL]
[03:23:06] [User Authenticator #2/INFO]: UUID of player deboabanreservas is 4b845313-ffdf-3b0b-a6cc-0084f662f01f
[03:23:07] [Server thread/INFO]: deboabanreservas joined the game
[03:23:07] [Server thread/INFO]: deboabanreservas[/127.243.153.102:60243] logged in with entity id 4532 at ([world]-894.2474540252348, 109.0, -2116.9773788130383)
[03:24:05] [Server thread/INFO]: MaddieDL lost connection: Timed out
[03:24:05] [Server thread/INFO]: MaddieDL left the game
[03:24:54] [Server thread/INFO]: _elu issued server command: /home a
[03:25:47] [Server thread/INFO]: Named entity Skeleton['Infernal Skeleton'/5902, uuid='e5e6f016-8434-42a7-8f7d-aec5bd7b1ab4', l='ServerLevel[world]', x=-895.02, y=6.62, z=-2195.91, cpos=[-56, -138], tl=853, v=true] died: Infernal Skeleton suffocated in a wall
[03:30:31] [Server thread/INFO]: deboabanreservas issued server command: /home exp
[03:31:25] [Server thread/INFO]: Named entity Skeleton['Infernal Skeleton'/7314, uuid='b6090d93-5a1a-42c5-bd0a-19f6ea3cd0f8', l='ServerLevel[world]', x=-809.94, y=82.69, z=-2149.25, cpos=[-51, -135], tl=854, v=true] died: Infernal Skeleton suffocated in a wall
[03:33:00] [Server thread/INFO]: Named entity Zombie['Infernal Zombie'/6841, uuid='fd13121a-44e4-4613-80c2-c6e04ef0231b', l='ServerLevel[world]', x=-801.90, y=40.00, z=-2123.49, cpos=[-51, -133], tl=5236, v=true] died: Infernal Zombie suffocated in a wall
